2025-07-06 20:44:55,151 - INFO - === РАННЯЯ ПРОВЕРКА OPENCV ===
2025-07-06 20:44:55,152 - INFO - Система: Linux
2025-07-06 20:44:55,152 - INFO - OpenCV версия: 4.11.0
2025-07-06 20:44:55,153 - INFO - Установлены переменные окружения для Linux
2025-07-06 20:44:55,154 - INFO - ✅ OpenCV базовые функции работают
2025-07-06 20:44:55,154 - INFO - OpenCV проверка пройдена, продолжаем загрузку...
2025-07-06 20:47:17,362 - INFO - === РАННЯЯ ПРОВЕРКА OPENCV ===
2025-07-06 20:47:17,855 - INFO - Система: Linux
2025-07-06 20:47:17,856 - INFO - OpenCV версия: 4.11.0
2025-07-06 20:47:17,858 - INFO - Установлены переменные окружения для Linux
2025-07-06 20:47:17,859 - INFO - ✅ OpenCV базовые функции работают
2025-07-06 20:47:17,860 - INFO - OpenCV проверка пройдена, продолжаем загрузку...
2025-07-06 20:49:56,199 - INFO - === РАННЯЯ ПРОВЕРКА OPENCV ===
2025-07-06 20:49:56,668 - INFO - Система: Linux
2025-07-06 20:49:56,669 - INFO - OpenCV версия: 4.11.0
2025-07-06 20:49:56,670 - INFO - Установлены переменные окружения для Linux
2025-07-06 20:49:56,670 - INFO - ✅ OpenCV базовые функции работают
2025-07-06 20:49:56,670 - INFO - OpenCV проверка пройдена, продолжаем загрузку...
2025-07-06 20:49:56,670 - INFO - Импортируем tkinter модули...
2025-07-06 20:49:56,707 - INFO - Импортируем ThemedTk...
2025-07-06 20:49:56,798 - INFO - Импортируем tkinter...
2025-07-06 20:49:56,798 - INFO - Импортируем стандартные модули...
2025-07-06 20:49:57,899 - INFO - Настраиваем пути...
2025-07-06 20:49:57,901 - INFO - Импортируем image_processor...
2025-07-06 20:50:00,764 - INFO - Импортируем statistics_processor...
2025-07-06 20:50:02,292 - INFO - Импортируем graphical_processor...
2025-07-06 20:50:02,294 - INFO - Создаем главное окно...
2025-07-06 20:50:03,616 - INFO - Настраиваем фон...
2025-07-06 20:50:03,618 - INFO - Создаем экземпляр приложения...
2025-07-06 20:51:24,657 - INFO - === РАННЯЯ ПРОВЕРКА OPENCV ===
2025-07-06 20:51:24,658 - ERROR - ❌ КРИТИЧЕСКАЯ ОШИБКА OpenCV: No module named 'cv2'
2025-07-06 20:51:55,129 - INFO - === РАННЯЯ ПРОВЕРКА OPENCV ===
2025-07-06 20:51:55,503 - INFO - Система: Linux
2025-07-06 20:51:55,503 - INFO - OpenCV версия: 4.11.0
2025-07-06 20:51:55,504 - INFO - Установлены переменные окружения для Linux
2025-07-06 20:51:55,504 - INFO - ✅ OpenCV базовые функции работают
2025-07-06 20:51:55,504 - INFO - OpenCV проверка пройдена, продолжаем загрузку...
2025-07-06 20:51:55,504 - INFO - Импортируем tkinter модули...
2025-07-06 20:51:55,537 - INFO - Импортируем ThemedTk...
2025-07-06 20:51:55,613 - INFO - Импортируем tkinter...
2025-07-06 20:51:55,614 - INFO - Импортируем стандартные модули...
2025-07-06 20:51:56,604 - INFO - Настраиваем пути...
2025-07-06 20:51:56,604 - INFO - Импортируем image_processor...
2025-07-06 20:51:58,968 - INFO - Импортируем statistics_processor...
2025-07-06 20:52:00,327 - INFO - Импортируем graphical_processor...
2025-07-06 20:52:00,328 - INFO - Создаем главное окно...
2025-07-06 20:52:01,446 - INFO - Настраиваем фон...
2025-07-06 20:52:01,447 - INFO - Создаем экземпляр приложения...
